[debug] [2020-09-02T00:29:48.510Z] ----------------------------------------------------------------------
[debug] [2020-09-02T00:29:48.513Z] Command:       C:\Program Files\nodejs\node.exe C:\Users\320083721\AppData\Roaming\npm\node_modules\firebase-tools\lib\bin\firebase.js init
[debug] [2020-09-02T00:29:48.513Z] CLI Version:   8.9.2
[debug] [2020-09-02T00:29:48.513Z] Platform:      win32
[debug] [2020-09-02T00:29:48.513Z] Node Version:  v12.14.1
[debug] [2020-09-02T00:29:48.517Z] Time:          Tue Sep 01 2020 19:29:48 GMT-0500 (Central Daylight Time)
[debug] [2020-09-02T00:29:48.517Z] ----------------------------------------------------------------------
[debug] [2020-09-02T00:29:48.517Z] 
[debug] [2020-09-02T00:29:48.533Z] > command requires scopes: ["email","openid","https://www.googleapis.com/auth/cloudplatformprojects.readonly","https://www.googleapis.com/auth/firebase","https://www.googleapis.com/auth/cloud-platform"]
[debug] [2020-09-02T00:29:48.535Z] > authorizing via signed-in user
[info] 
     ######## #### ########  ######## ########     ###     ######  ########
     ##        ##  ##     ## ##       ##     ##  ##   ##  ##       ##
     ######    ##  ########  ######   ########  #########  ######  ######
     ##        ##  ##    ##  ##       ##     ## ##     ##       ## ##
     ##       #### ##     ## ######## ########  ##     ##  ######  ########

You're about to initialize a Firebase project in this directory:

  C:\Users\320083721\workspace\projects\personal\Personal-Bio-Site-2

[info] 
=== Project Setup
[info] 
[info] First, let's associate this project directory with a Firebase project.
[info] You can create multiple project aliases by running firebase use --add, 
[info] but for now we'll just set up a default project.
[info] 
[debug] [2020-09-02T00:30:02.508Z] >>> HTTP REQUEST GET https://firebase.googleapis.com/v1beta1/projects?pageSize=100  
 
[debug] [2020-09-02T00:30:03.311Z] <<< HTTP RESPONSE 200 {"content-type":"application/json; charset=UTF-8","vary":"X-Origin, Referer, Origin,Accept-Encoding","date":"Wed, 02 Sep 2020 00:30:03 GMT","server":"ESF","cache-control":"private","x-xss-protection":"0","x-frame-options":"SAMEORIGIN","x-content-type-options":"nosniff","alt-svc":"h3-29=\":443\"; ma=2592000,h3-27=\":443\"; ma=2592000,h3-T051=\":443\"; ma=2592000,h3-T050=\":443\"; ma=2592000,h3-Q050=\":443\"; ma=2592000,h3-Q046=\":443\"; ma=2592000,h3-Q043=\":443\"; ma=2592000,quic=\":443\"; ma=2592000; v=\"46,43\"","accept-ranges":"none","transfer-encoding":"chunked"}
